<?xml version="1.0" encoding="UTF-8"?>
<!-- Generated by org.testng.reporters.JUnitXMLReporter -->
<testsuite ignored="3" hostname="DESKTOP-7ST29U4" failures="0" tests="1" name="ToolsQA" time="0.066" errors="0" timestamp="2022-07-06T16:58:34 IST">
  <testcase classname="WebtablePractice.TestNG" name="a_method" time="0.011"/>
  <testcase classname="WebtablePractice.TestNG" name="b_method" time="0.0">
    <ignored/>
  </testcase> <!-- b_method -->
  <testcase classname="WebtablePractice.TestNG" name="c_method" time="0.0">
    <ignored/>
  </testcase> <!-- c_method -->
  <testcase classname="WebtablePractice.TestNG" name="d_method" time="0.0">
    <ignored/>
  </testcase> <!-- d_method -->
</testsuite> <!-- ToolsQA -->
