<?xml version="1.0" encoding="UTF-8"?>
<testng-results ignored="0" total="2" passed="2" failed="0" skipped="0">
  <reporter-output>
  </reporter-output>
  <suite started-at="2022-07-06T17:11:16 IST" name="Default suite" finished-at="2022-07-06T17:11:16 IST" duration-ms="104">
    <groups>
    </groups>
    <test started-at="2022-07-06T17:11:16 IST" name="Default test" finished-at="2022-07-06T17:11:16 IST" duration-ms="104">
      <class name="WebtablePractice.Dataprovider">
        <test-method signature="verifydata(java.lang.String,java.lang.String)[pri:0, instance:WebtablePractice.Dataprovider@5d0a1059]" started-at="2022-07-06T17:11:16 IST" name="verifydata" data-provider="login" finished-at="2022-07-06T17:11:16 IST" duration-ms="10" status="PASS">
          <params>
            <param index="0">
              <value>
                <![CDATA[sabith]]>
              </value>
            </param>
            <param index="1">
              <value>
                <![CDATA[name]]>
              </value>
            </param>
          </params>
          <reporter-output>
          </reporter-output>
        </test-method> <!-- verifydata -->
        <test-method signature="verifydata(java.lang.String,java.lang.String)[pri:0, instance:WebtablePractice.Dataprovider@5d0a1059]" started-at="2022-07-06T17:11:16 IST" name="verifydata" data-provider="login" finished-at="2022-07-06T17:11:16 IST" duration-ms="3" status="PASS">
          <params>
            <param index="0">
              <value>
                <![CDATA[reddy]]>
              </value>
            </param>
            <param index="1">
              <value>
                <![CDATA[lastname]]>
              </value>
            </param>
          </params>
          <reporter-output>
          </reporter-output>
        </test-method> <!-- verifydata -->
      </class> <!-- WebtablePractice.Dataprovider -->
    </test> <!-- Default test -->
  </suite> <!-- Default suite -->
</testng-results>
